{"/Users/talin/Projects/games/demo-rapier-three/src/lib/EventSource.ts": {"path":"/Users/talin/Projects/games/demo-rapier-three/src/lib/EventSource.ts","all":false,"statementMap":{"0":{"start":{"line":1,"column":0},"end":{"line":1,"column":55}},"1":{"start":{"line":2,"column":0},"end":{"line":2,"column":88}},"2":{"start":{"line":3,"column":0},"end":{"line":3,"column":45}},"3":{"start":{"line":4,"column":0},"end":{"line":4,"column":0}},"4":{"start":{"line":5,"column":0},"end":{"line":5,"column":86}},"5":{"start":{"line":6,"column":0},"end":{"line":6,"column":73}},"6":{"start":{"line":7,"column":0},"end":{"line":7,"column":82}},"7":{"start":{"line":8,"column":0},"end":{"line":8,"column":0}},"8":{"start":{"line":9,"column":0},"end":{"line":9,"column":37}},"9":{"start":{"line":10,"column":0},"end":{"line":10,"column":18}},"10":{"start":{"line":11,"column":0},"end":{"line":11,"column":30}},"11":{"start":{"line":12,"column":0},"end":{"line":12,"column":3}},"12":{"start":{"line":13,"column":0},"end":{"line":13,"column":0}},"13":{"start":{"line":14,"column":0},"end":{"line":14,"column":48}},"14":{"start":{"line":15,"column":0},"end":{"line":15,"column":62}},"15":{"start":{"line":16,"column":0},"end":{"line":16,"column":79}},"16":{"start":{"line":17,"column":0},"end":{"line":17,"column":39}},"17":{"start":{"line":18,"column":0},"end":{"line":18,"column":4}},"18":{"start":{"line":19,"column":0},"end":{"line":19,"column":59}},"19":{"start":{"line":20,"column":0},"end":{"line":20,"column":25}},"20":{"start":{"line":21,"column":0},"end":{"line":21,"column":67}},"21":{"start":{"line":22,"column":0},"end":{"line":22,"column":26}},"22":{"start":{"line":23,"column":0},"end":{"line":23,"column":28}},"23":{"start":{"line":24,"column":0},"end":{"line":24,"column":35}},"24":{"start":{"line":25,"column":0},"end":{"line":25,"column":5}},"25":{"start":{"line":26,"column":0},"end":{"line":26,"column":56}},"26":{"start":{"line":27,"column":0},"end":{"line":27,"column":23}},"27":{"start":{"line":28,"column":0},"end":{"line":28,"column":59}},"28":{"start":{"line":29,"column":0},"end":{"line":29,"column":12}},"29":{"start":{"line":30,"column":0},"end":{"line":30,"column":32}},"30":{"start":{"line":31,"column":0},"end":{"line":31,"column":5}},"31":{"start":{"line":32,"column":0},"end":{"line":32,"column":18}},"32":{"start":{"line":33,"column":0},"end":{"line":33,"column":44}},"33":{"start":{"line":34,"column":0},"end":{"line":34,"column":6}},"34":{"start":{"line":35,"column":0},"end":{"line":35,"column":3}},"35":{"start":{"line":36,"column":0},"end":{"line":36,"column":0}},"36":{"start":{"line":37,"column":0},"end":{"line":37,"column":30}},"37":{"start":{"line":38,"column":0},"end":{"line":38,"column":72}},"38":{"start":{"line":39,"column":0},"end":{"line":39,"column":77}},"39":{"start":{"line":40,"column":0},"end":{"line":40,"column":4}},"40":{"start":{"line":41,"column":0},"end":{"line":41,"column":61}},"41":{"start":{"line":42,"column":0},"end":{"line":42,"column":25}},"42":{"start":{"line":43,"column":0},"end":{"line":43,"column":67}},"43":{"start":{"line":44,"column":0},"end":{"line":44,"column":5}},"44":{"start":{"line":45,"column":0},"end":{"line":45,"column":27}},"45":{"start":{"line":46,"column":0},"end":{"line":46,"column":58}},"46":{"start":{"line":47,"column":0},"end":{"line":47,"column":24}},"47":{"start":{"line":48,"column":0},"end":{"line":48,"column":37}},"48":{"start":{"line":49,"column":0},"end":{"line":49,"column":7}},"49":{"start":{"line":50,"column":0},"end":{"line":50,"column":5}},"50":{"start":{"line":51,"column":0},"end":{"line":51,"column":3}},"51":{"start":{"line":52,"column":0},"end":{"line":52,"column":0}},"52":{"start":{"line":53,"column":0},"end":{"line":53,"column":36}},"53":{"start":{"line":54,"column":0},"end":{"line":54,"column":49}},"54":{"start":{"line":55,"column":0},"end":{"line":55,"column":51}},"55":{"start":{"line":56,"column":0},"end":{"line":56,"column":4}},"56":{"start":{"line":57,"column":0},"end":{"line":57,"column":54}},"57":{"start":{"line":58,"column":0},"end":{"line":58,"column":25}},"58":{"start":{"line":59,"column":0},"end":{"line":59,"column":36}},"59":{"start":{"line":60,"column":0},"end":{"line":60,"column":5}},"60":{"start":{"line":61,"column":0},"end":{"line":61,"column":57}},"61":{"start":{"line":62,"column":0},"end":{"line":62,"column":22}},"62":{"start":{"line":63,"column":0},"end":{"line":63,"column":54}},"63":{"start":{"line":64,"column":0},"end":{"line":64,"column":5}},"64":{"start":{"line":65,"column":0},"end":{"line":65,"column":3}},"65":{"start":{"line":66,"column":0},"end":{"line":66,"column":1}}},"s":{"0":1,"1":1,"2":1,"3":1,"4":1,"5":1,"6":1,"7":1,"8":1,"9":1,"10":0,"11":0,"12":1,"13":1,"14":1,"15":1,"16":1,"17":1,"18":1,"19":2,"20":2,"21":2,"22":2,"23":2,"24":2,"25":2,"26":2,"27":2,"28":2,"29":0,"30":0,"31":2,"32":1,"33":1,"34":2,"35":1,"36":1,"37":1,"38":1,"39":1,"40":1,"41":1,"42":1,"43":1,"44":1,"45":1,"46":1,"47":1,"48":1,"49":1,"50":1,"51":1,"52":1,"53":1,"54":1,"55":1,"56":1,"57":4,"58":4,"59":4,"60":4,"61":4,"62":3,"63":3,"64":4,"65":2},"branchMap":{"0":{"type":"branch","line":7,"loc":{"start":{"line":7,"column":10},"end":{"line":7,"column":82}},"locations":[{"start":{"line":7,"column":10},"end":{"line":7,"column":82}}]},"1":{"type":"branch","line":19,"loc":{"start":{"line":19,"column":9},"end":{"line":35,"column":3}},"locations":[{"start":{"line":19,"column":9},"end":{"line":35,"column":3}}]},"2":{"type":"branch","line":29,"loc":{"start":{"line":29,"column":4},"end":{"line":32,"column":11}},"locations":[{"start":{"line":29,"column":4},"end":{"line":32,"column":11}}]},"3":{"type":"branch","line":32,"loc":{"start":{"line":32,"column":11},"end":{"line":34,"column":6}},"locations":[{"start":{"line":32,"column":11},"end":{"line":34,"column":6}}]},"4":{"type":"branch","line":41,"loc":{"start":{"line":41,"column":9},"end":{"line":51,"column":3}},"locations":[{"start":{"line":41,"column":9},"end":{"line":51,"column":3}}]},"5":{"type":"branch","line":57,"loc":{"start":{"line":57,"column":9},"end":{"line":66,"column":1}},"locations":[{"start":{"line":57,"column":9},"end":{"line":66,"column":1}}]},"6":{"type":"branch","line":62,"loc":{"start":{"line":62,"column":21},"end":{"line":64,"column":5}},"locations":[{"start":{"line":62,"column":21},"end":{"line":64,"column":5}}]},"7":{"type":"branch","line":63,"loc":{"start":{"line":63,"column":26},"end":{"line":63,"column":54}},"locations":[{"start":{"line":63,"column":26},"end":{"line":63,"column":54}}]},"8":{"type":"branch","line":66,"loc":{"start":{"line":66,"column":0},"end":{"line":66,"column":1}},"locations":[{"start":{"line":66,"column":0},"end":{"line":66,"column":1}}]}},"b":{"0":[2],"1":[2],"2":[0],"3":[1],"4":[1],"5":[4],"6":[3],"7":[2],"8":[2]},"fnMap":{"0":{"name":"<instance_members_initializer>","decl":{"start":{"line":7,"column":10},"end":{"line":7,"column":82}},"loc":{"start":{"line":7,"column":10},"end":{"line":7,"column":82}},"line":7},"1":{"name":"clear","decl":{"start":{"line":10,"column":9},"end":{"line":12,"column":3}},"loc":{"start":{"line":10,"column":9},"end":{"line":12,"column":3}},"line":10},"2":{"name":"subscribe","decl":{"start":{"line":19,"column":9},"end":{"line":35,"column":3}},"loc":{"start":{"line":19,"column":9},"end":{"line":35,"column":3}},"line":19},"3":{"name":"unsubscribe","decl":{"start":{"line":41,"column":9},"end":{"line":51,"column":3}},"loc":{"start":{"line":41,"column":9},"end":{"line":51,"column":3}},"line":41},"4":{"name":"emit","decl":{"start":{"line":57,"column":9},"end":{"line":66,"column":1}},"loc":{"start":{"line":57,"column":9},"end":{"line":66,"column":1}},"line":57},"5":{"name":"get","decl":{"start":{"line":66,"column":0},"end":{"line":66,"column":1}},"loc":{"start":{"line":66,"column":0},"end":{"line":66,"column":1}},"line":66}},"f":{"0":2,"1":0,"2":2,"3":1,"4":4,"5":2}}
}
